[2022-09-15 23:40:53,851] : [INFO] : [User is looking for "еда", posts found: 1]
[2022-09-16 00:11:28,270] : [INFO] : [User tried to upload Алексей.txt]
[2022-09-16 00:12:20,546] : [ERROR] : [При загрузке файла возникла ошибка]
[2022-09-16 00:13:14,130] : [INFO] : [User is looking for "клава", posts found: 2]
[2022-09-16 00:23:55,481] : [INFO] : [User is looking for "мотивация", posts found: 0]
[2022-09-16 00:25:24,774] : [INFO] : [User is looking for "Мотивация", posts found: 0]
[2022-09-16 00:26:09,092] : [INFO] : [User is looking for "Мотивация", posts found: 0]
[2022-09-16 00:26:14,577] : [INFO] : [User is looking for "мотив", posts found: 0]
[2022-09-16 00:26:20,148] : [INFO] : [User is looking for "мелочь", posts found: 0]
[2022-09-16 00:39:04,285] : [INFO] : [User is looking for "Мотивация", posts found: 1]
[2022-09-16 00:40:30,349] : [INFO] : [User is looking for "python", posts found: 0]
[2022-09-16 00:40:57,776] : [INFO] : [User is looking for "учиться", posts found: 0]
[2022-09-16 00:42:15,399] : [INFO] : [User is looking for "python", posts found: 1]
[2022-09-16 00:42:54,344] : [INFO] : [User is looking for "прогресс", posts found: 1]
[2022-09-16 00:56:36,950] : [INFO] : [User is looking for "знать", posts found: 1]
[2022-09-16 00:56:44,284] : [INFO] : [User is looking for "модель", posts found: 1]
[2022-09-16 00:56:53,909] : [INFO] : [User is looking for "кот", posts found: 4]
[2022-09-16 01:26:46,998] : [INFO] : [User is looking for "Мотивация", posts found: 1]
[2022-09-16 01:27:09,835] : [INFO] : [User is looking for "кот", posts found: 4]
[2022-09-16 01:29:04,946] : [INFO] : [User is looking for "кот", posts found: 4]
[2022-09-16 17:21:44,078] : [INFO] : [User is looking for "пирамида", posts found: 1]
[2022-09-16 17:21:55,253] : [INFO] : [User is looking for "модель", posts found: 1]
[2022-09-16 17:22:09,648] : [INFO] : [User is looking for "кот", posts found: 4]
[2022-09-16 17:22:21,295] : [INFO] : [User is looking for "мотивация", posts found: 1]
[2022-09-16 17:23:10,326] : [INFO] : [User tried to upload Домашка.txt]
[2022-09-16 17:23:47,385] : [ERROR] : [При загрузке файла возникла ошибка]
